14:22:13 INFO  : Launching XSDB server: xsdb.bat C:/Travail/Xilinx/SDK/2015.4/scripts/xsdb/xsdb/xsdb-server.tcl
14:22:15 INFO  : XSDB server has started successfully.
14:22:16 INFO  : Processing command line option -hwspec C:/Travail/Objets/GitHub/Silver/Software/GP2/GP2.sdk/test_gp2_wrapper.hdf.
15:02:52 INFO  : Launching XSDB server: xsdb.bat C:/Travail/Xilinx/SDK/2015.4/scripts/xsdb/xsdb/xsdb-server.tcl
15:02:55 INFO  : XSDB server has started successfully.
15:02:56 INFO  : Processing command line option -hwspec C:/Travail/Objets/GitHub/Silver/Software/GP2/GP2.sdk/test_gp2_wrapper.hdf.
15:02:57 INFO  : Checking for hwspec changes in the project test_gp2_wrapper_hw_platform_0.
15:03:00 INFO  : SDK has detected change in the last modified timestamps for source hardware specification file Source:1474981081593,  Project:1474978777864
15:03:00 INFO  : The hardware specification for project 'test_gp2_wrapper_hw_platform_0' is different from C:/Travail/Objets/GitHub/Silver/Software/GP2/GP2.sdk/test_gp2_wrapper.hdf.
15:03:00 INFO  : Copied contents of C:/Travail/Objets/GitHub/Silver/Software/GP2/GP2.sdk/test_gp2_wrapper.hdf into \test_gp2_wrapper_hw_platform_0\system.hdf.
15:03:05 INFO  : Synchronizing projects in the workspace with the hardware platform specification changes.
15:03:09 INFO  : 
15:03:09 INFO  : Updating hardware inferred compiler options for test_gp2.
15:03:09 INFO  : Clearing existing target manager status.
15:04:47 INFO  : Connected to target on host '127.0.0.1' and port '3121'.
15:04:53 INFO  : 'targets -set -filter {jtag_cable_name =~ "Digilent Zybo 210279771968A" && level==0} -index 1' command is executed.
15:04:54 INFO  : FPGA configured successfully with bitstream "C:/Travail/Objets/GitHub/Silver/Software/GP2/GP2.sdk/test_gp2_wrapper_hw_platform_0/test_gp2_wrapper.bit"
15:05:09 ERROR : Unexpected error while launching program.
java.lang.RuntimeException: The program file specified in the launch configuration does not exist
	at com.xilinx.sdk.debug.core.XilinxAppLaunchConfigurationDelegate.runApplication(XilinxAppLaunchConfigurationDelegate.java:580)
	at com.xilinx.sdk.debug.core.XilinxAppLaunchConfigurationDelegate.launch(XilinxAppLaunchConfigurationDelegate.java:309)
	at com.xilinx.sdk.debug.ui.XilinxAppLaunchDelegateWrapper.launch(XilinxAppLaunchDelegateWrapper.java:31)
	at org.eclipse.debug.internal.core.LaunchConfiguration.launch(LaunchConfiguration.java:858)
	at org.eclipse.debug.internal.core.LaunchConfiguration.launch(LaunchConfiguration.java:707)
	at org.eclipse.debug.internal.ui.DebugUIPlugin.buildAndLaunch(DebugUIPlugin.java:1018)
	at org.eclipse.debug.internal.ui.DebugUIPlugin$8.run(DebugUIPlugin.java:1222)
	at org.eclipse.core.internal.jobs.Worker.run(Worker.java:53)
15:14:07 ERROR : Unexpected error while parsing XMD response ?: com.google.gson.JsonSyntaxException: com.google.gson.stream.MalformedJsonException: invalid number or unquoted string near 
15:14:30 INFO  : Launching XSDB server: xsdb.bat C:/Travail/Xilinx/SDK/2015.4/scripts/xsdb/xsdb/xsdb-server.tcl
15:14:32 INFO  : XSDB server has started successfully.
15:14:32 INFO  : Processing command line option -hwspec C:/Travail/Objets/GitHub/Silver/Software/GP2/GP2.sdk/test_gp2_wrapper.hdf.
15:14:32 INFO  : Checking for hwspec changes in the project test_gp2_wrapper_hw_platform_0.
15:27:33 INFO  : Connected to target on host '127.0.0.1' and port '3121'.
15:27:39 INFO  : 'targets -set -filter {jtag_cable_name =~ "Digilent Zybo 210279771968A" && level==0} -index 1' command is executed.
15:27:42 INFO  : FPGA configured successfully with bitstream "C:/Travail/Objets/GitHub/Silver/Software/GP2/GP2.sdk/test_gp2_wrapper_hw_platform_0/test_gp2_wrapper.bit"
15:27:56 INFO  : Processor reset is completed for ps7_cortexa9_0
15:29:04 INFO  : Connected to target on host '127.0.0.1' and port '3121'.
15:29:05 INFO  : 'targets -set -filter {jtag_cable_name =~ "Digilent Zybo 210279771968A" && level==0} -index 1' command is executed.
15:29:06 INFO  : FPGA configured successfully with bitstream "C:/Travail/Objets/GitHub/Silver/Software/GP2/GP2.sdk/test_gp2_wrapper_hw_platform_0/test_gp2_wrapper.bit"
15:29:15 INFO  : ps7_init is completed.
15:29:15 INFO  : ps7_post_config is completed.
15:29:15 INFO  : Processor reset is completed for ps7_cortexa9_0
15:37:45 INFO  : Connected to target on host '127.0.0.1' and port '3121'.
15:37:46 INFO  : 'targets -set -filter {jtag_cable_name =~ "Digilent Zybo 210279771968A" && level==0} -index 1' command is executed.
15:37:48 INFO  : FPGA configured successfully with bitstream "C:/Travail/Objets/GitHub/Silver/Software/GP2/GP2.sdk/test_gp2_wrapper_hw_platform_0/test_gp2_wrapper.bit"
15:38:52 INFO  : ps7_init is completed.
15:38:52 INFO  : ps7_post_config is completed.
15:38:52 INFO  : Processor reset is completed for ps7_cortexa9_0
15:39:34 INFO  : Connected to target on host '127.0.0.1' and port '3121'.
15:39:34 INFO  : 'targets -set -filter {jtag_cable_name =~ "Digilent Zybo 210279771968A" && level==0} -index 1' command is executed.
15:39:36 INFO  : FPGA configured successfully with bitstream "C:/Travail/Objets/GitHub/Silver/Software/GP2/GP2.sdk/test_gp2_wrapper_hw_platform_0/test_gp2_wrapper.bit"
15:39:44 INFO  : ps7_init is completed.
15:39:44 INFO  : ps7_post_config is completed.
15:39:44 INFO  : Processor reset is completed for ps7_cortexa9_0
17:47:53 ERROR : Unexpected error while parsing XMD response ?: com.google.gson.JsonSyntaxException: com.google.gson.stream.MalformedJsonException: invalid number or unquoted string near 
19:11:30 INFO  : Launching XSDB server: xsdb.bat C:/Travail/Xilinx/SDK/2015.4/scripts/xsdb/xsdb/xsdb-server.tcl
19:11:33 INFO  : XSDB server has started successfully.
19:11:34 INFO  : Processing command line option -hwspec C:/Travail/Objets/GitHub/Silver/Software/GP2/GP2.sdk/test_gp2_wrapper.hdf.
19:11:34 INFO  : Checking for hwspec changes in the project test_gp2_wrapper_hw_platform_0.
13:37:57 INFO  : Launching XSDB server: xsdb.bat C:/Travail/Xilinx/SDK/2015.4/scripts/xsdb/xsdb/xsdb-server.tcl
13:38:03 INFO  : Launching XSDB server: xsdb.bat C:/Travail/Xilinx/SDK/2015.4/scripts/xsdb/xsdb/xsdb-server.tcl
13:38:12 INFO  : XSDB server has started successfully.
13:38:12 INFO  : XSDB server has started successfully.
13:38:15 INFO  : Processing command line option -hwspec C:/Travail/Objets/GitHub/Silver/Software/GP2/GP2.sdk/test_gp2_wrapper.hdf.
13:38:20 INFO  : Checking for hwspec changes in the project test_gp2_wrapper_hw_platform_0.
13:39:14 INFO  : Connected to target on host '127.0.0.1' and port '3121'.
13:39:16 INFO  : 'targets -set -filter {jtag_cable_name =~ "Digilent Zybo 210279771968A" && level==0} -index 1' command is executed.
13:39:18 INFO  : FPGA configured successfully with bitstream "C:/Travail/Objets/GitHub/Silver/Software/GP2/GP2.sdk/test_gp2_wrapper_hw_platform_0/test_gp2_wrapper.bit"
13:39:40 INFO  : ps7_init is completed.
13:39:40 INFO  : ps7_post_config is completed.
13:39:40 INFO  : Processor reset is completed for ps7_cortexa9_0
13:42:44 ERROR : Unexpected error while parsing XMD response ?: com.google.gson.JsonSyntaxException: com.google.gson.stream.MalformedJsonException: invalid number or unquoted string near 
