08:27:35 INFO  : Launching XSDB server: xsdb.bat C:/Travail/Xilinx/SDK/2015.4/scripts/xsdb/xsdb/xsdb-server.tcl
08:27:40 INFO  : XSDB server has started successfully.
08:27:43 INFO  : Processing command line option -hwspec C:/Travail/Objets/GitHub/Silver/Software/PWM/PWM.sdk/test_pwm_wrapper.hdf.
08:31:36 INFO  : Connected to target on host '127.0.0.1' and port '3121'.
08:31:39 INFO  : 'targets -set -filter {jtag_cable_name =~ "Digilent Zybo 210279771968A" && level==0} -index 1' command is executed.
08:31:41 INFO  : FPGA configured successfully with bitstream "C:/Travail/Objets/GitHub/Silver/Software/PWM/PWM.sdk/test_pwm_wrapper_hw_platform_0/test_pwm_wrapper.bit"
08:32:02 INFO  : ps7_init is completed.
08:32:02 INFO  : ps7_post_config is completed.
08:32:02 INFO  : Processor reset is completed for ps7_cortexa9_0
08:33:54 ERROR : Unexpected error while parsing XMD response ?: com.google.gson.JsonSyntaxException: com.google.gson.stream.MalformedJsonException: invalid number or unquoted string near 
13:46:22 INFO  : Launching XSDB server: xsdb.bat C:/Travail/Xilinx/SDK/2015.4/scripts/xsdb/xsdb/xsdb-server.tcl
13:46:25 INFO  : XSDB server has started successfully.
13:46:26 INFO  : Processing command line option -hwspec C:/Travail/Objets/GitHub/Silver/Software/PWM/PWM.sdk/test_pwm_wrapper.hdf.
13:46:26 INFO  : Checking for hwspec changes in the project test_pwm_wrapper_hw_platform_0.
14:01:53 INFO  : Connected to target on host '127.0.0.1' and port '3121'.
14:01:55 INFO  : 'targets -set -filter {jtag_cable_name =~ "Digilent Zybo 210279771968A" && level==0} -index 1' command is executed.
14:01:56 INFO  : FPGA configured successfully with bitstream "C:/Travail/Objets/GitHub/Silver/Software/PWM/PWM.sdk/test_pwm_wrapper_hw_platform_0/test_pwm_wrapper.bit"
14:02:17 INFO  : ps7_init is completed.
14:02:17 INFO  : ps7_post_config is completed.
14:02:18 INFO  : Processor reset is completed for ps7_cortexa9_0
14:13:12 ERROR : Unexpected error while parsing XMD response ?: com.google.gson.JsonSyntaxException: com.google.gson.stream.MalformedJsonException: invalid number or unquoted string near 
15:08:14 INFO  : Launching XSDB server: xsdb.bat C:/Travail/Xilinx/SDK/2015.4/scripts/xsdb/xsdb/xsdb-server.tcl
15:08:16 INFO  : XSDB server has started successfully.
15:08:16 INFO  : Processing command line option -hwspec C:/Travail/Objets/GitHub/Silver/Software/PWM/PWM.sdk/test_pwm_wrapper.hdf.
15:08:17 INFO  : Checking for hwspec changes in the project test_pwm_wrapper_hw_platform_0.
15:08:19 INFO  : SDK has detected change in the last modified timestamps for source hardware specification file Source:1475154142914,  Project:1474957579231
15:08:19 INFO  : The hardware specification for project 'test_pwm_wrapper_hw_platform_0' is different from C:/Travail/Objets/GitHub/Silver/Software/PWM/PWM.sdk/test_pwm_wrapper.hdf.
15:08:19 INFO  : Copied contents of C:/Travail/Objets/GitHub/Silver/Software/PWM/PWM.sdk/test_pwm_wrapper.hdf into \test_pwm_wrapper_hw_platform_0\system.hdf.
15:08:24 INFO  : Synchronizing projects in the workspace with the hardware platform specification changes.
15:08:27 ERROR : (XSDB Server)ERROR: [Hsi 55-1433] Error boost::filesystem::directory_iterator::construct: Accès refusé: "C:/Users/LogOut/AppData/Local/Temp\msdtadmin"

15:08:27 ERROR : Failed to call sync_sw_with_hw_change
Reason: ERROR: [Common 17-39] 'hsi::open_sw_design' failed due to earlier errors.

15:08:27 ERROR : Error updating BSP project MSS files.
15:08:28 INFO  : Updating hardware inferred compiler options for test_pwm.
15:08:28 INFO  : Clearing existing target manager status.
15:08:36 INFO  : Connected to target on host '127.0.0.1' and port '3121'.
15:08:42 INFO  : 'targets -set -filter {jtag_cable_name =~ "Digilent Zybo 210279771968A" && level==0} -index 1' command is executed.
15:08:44 INFO  : FPGA configured successfully with bitstream "C:/Travail/Objets/GitHub/Silver/Software/PWM/PWM.sdk/test_pwm_wrapper_hw_platform_0/test_pwm_wrapper.bit"
15:08:57 INFO  : Processor reset is completed for ps7_cortexa9_0
15:09:00 ERROR : Unexpected error while launching program.
java.lang.RuntimeException: Failed to download ELF file


    AP transaction error (DP CTRL_STAT=0xf0000021)
    Error Address = 0x00100000, Size = 0x00000004


	at com.xilinx.sdk.targetmanager.internal.TM.downloadELF(TM.java:686)
	at com.xilinx.sdk.debug.core.internal.AppRunner.run(AppRunner.java:129)
	at com.xilinx.sdk.debug.core.XilinxAppLaunchConfigurationDelegate.runApplication(XilinxAppLaunchConfigurationDelegate.java:637)
	at com.xilinx.sdk.debug.core.XilinxAppLaunchConfigurationDelegate.launch(XilinxAppLaunchConfigurationDelegate.java:309)
	at com.xilinx.sdk.debug.ui.XilinxAppLaunchDelegateWrapper.launch(XilinxAppLaunchDelegateWrapper.java:31)
	at org.eclipse.debug.internal.core.LaunchConfiguration.launch(LaunchConfiguration.java:858)
	at org.eclipse.debug.internal.core.LaunchConfiguration.launch(LaunchConfiguration.java:707)
	at org.eclipse.debug.internal.ui.DebugUIPlugin.buildAndLaunch(DebugUIPlugin.java:1018)
	at org.eclipse.debug.internal.ui.DebugUIPlugin$8.run(DebugUIPlugin.java:1222)
	at org.eclipse.core.internal.jobs.Worker.run(Worker.java:53)
15:09:11 INFO  : Connected to target on host '127.0.0.1' and port '3121'.
15:09:12 INFO  : 'targets -set -filter {jtag_cable_name =~ "Digilent Zybo 210279771968A" && level==0} -index 1' command is executed.
15:09:14 INFO  : FPGA configured successfully with bitstream "C:/Travail/Objets/GitHub/Silver/Software/PWM/PWM.sdk/test_pwm_wrapper_hw_platform_0/test_pwm_wrapper.bit"
15:09:37 INFO  : Connected to target on host '127.0.0.1' and port '3121'.
15:09:38 INFO  : 'targets -set -filter {jtag_cable_name =~ "Digilent Zybo 210279771968A" && level==0} -index 1' command is executed.
15:09:40 INFO  : FPGA configured successfully with bitstream "C:/Travail/Objets/GitHub/Silver/Software/PWM/PWM.sdk/test_pwm_wrapper_hw_platform_0/test_pwm_wrapper.bit"
15:10:03 ERROR : Unexpected error while parsing XMD response ?: com.google.gson.JsonSyntaxException: com.google.gson.stream.MalformedJsonException: invalid number or unquoted string near 
15:10:16 INFO  : Launching XSDB server: xsdb.bat C:/Travail/Xilinx/SDK/2015.4/scripts/xsdb/xsdb/xsdb-server.tcl
15:10:19 INFO  : Launching XSDB server: xsdb.bat C:/Travail/Xilinx/SDK/2015.4/scripts/xsdb/xsdb/xsdb-server.tcl
15:10:20 INFO  : XSDB server has started successfully.
15:10:20 INFO  : XSDB server has started successfully.
15:10:20 INFO  : Processing command line option -hwspec C:/Travail/Objets/GitHub/Silver/Software/PWM/PWM.sdk/test_pwm_wrapper.hdf.
15:10:23 INFO  : Checking for hwspec changes in the project test_pwm_wrapper_hw_platform_0.
15:10:26 INFO  : Connected to target on host '127.0.0.1' and port '3121'.
15:10:31 INFO  : 'targets -set -filter {jtag_cable_name =~ "Digilent Zybo 210279771968A" && level==0} -index 1' command is executed.
15:10:33 INFO  : FPGA configured successfully with bitstream "C:/Travail/Objets/GitHub/Silver/Software/PWM/PWM.sdk/test_pwm_wrapper_hw_platform_0/test_pwm_wrapper.bit"
15:10:47 INFO  : ps7_init is completed.
15:10:48 INFO  : ps7_post_config is completed.
15:10:48 INFO  : Processor reset is completed for ps7_cortexa9_0
15:11:28 INFO  : Connected to target on host '127.0.0.1' and port '3121'.
15:11:29 INFO  : 'targets -set -filter {jtag_cable_name =~ "Digilent Zybo 210279771968A" && level==0} -index 1' command is executed.
15:11:32 INFO  : FPGA configured successfully with bitstream "C:/Travail/Objets/GitHub/Silver/Software/PWM/PWM.sdk/test_pwm_wrapper_hw_platform_0/test_pwm_wrapper.bit"
15:11:40 INFO  : ps7_init is completed.
15:11:40 INFO  : ps7_post_config is completed.
15:11:41 INFO  : Processor reset is completed for ps7_cortexa9_0
15:13:41 ERROR : Unexpected error while parsing XMD response ?: com.google.gson.JsonSyntaxException: com.google.gson.stream.MalformedJsonException: invalid number or unquoted string near 
15:18:11 INFO  : Launching XSDB server: xsdb.bat C:/Travail/Xilinx/SDK/2015.4/scripts/xsdb/xsdb/xsdb-server.tcl
15:18:13 INFO  : XSDB server has started successfully.
15:18:13 INFO  : Processing command line option -hwspec C:/Travail/Objets/GitHub/Silver/Software/PWM/PWM.sdk/test_pwm_wrapper.hdf.
15:18:13 INFO  : Checking for hwspec changes in the project test_pwm_wrapper_hw_platform_0.
15:18:16 INFO  : SDK has detected change in the last modified timestamps for source hardware specification file Source:1475155059471,  Project:1475154142914
15:18:16 INFO  : The hardware specification for project 'test_pwm_wrapper_hw_platform_0' is different from C:/Travail/Objets/GitHub/Silver/Software/PWM/PWM.sdk/test_pwm_wrapper.hdf.
15:18:16 INFO  : Copied contents of C:/Travail/Objets/GitHub/Silver/Software/PWM/PWM.sdk/test_pwm_wrapper.hdf into \test_pwm_wrapper_hw_platform_0\system.hdf.
15:18:21 INFO  : Synchronizing projects in the workspace with the hardware platform specification changes.
15:18:24 ERROR : (XSDB Server)ERROR: [Hsi 55-1433] Error boost::filesystem::directory_iterator::construct: Accès refusé: "C:/Users/LogOut/AppData/Local/Temp\msdtadmin"

15:18:24 ERROR : Failed to call sync_sw_with_hw_change
Reason: ERROR: [Common 17-39] 'hsi::open_sw_design' failed due to earlier errors.

15:18:24 ERROR : Error updating BSP project MSS files.
15:18:25 INFO  : Updating hardware inferred compiler options for test_pwm.
15:18:25 INFO  : Clearing existing target manager status.
15:18:34 INFO  : Connected to target on host '127.0.0.1' and port '3121'.
15:18:40 INFO  : 'targets -set -filter {jtag_cable_name =~ "Digilent Zybo 210279771968A" && level==0} -index 1' command is executed.
15:18:42 INFO  : FPGA configured successfully with bitstream "C:/Travail/Objets/GitHub/Silver/Software/PWM/PWM.sdk/test_pwm_wrapper_hw_platform_0/test_pwm_wrapper.bit"
15:18:55 INFO  : Processor reset is completed for ps7_cortexa9_0
15:18:59 ERROR : Unexpected error while launching program.
java.lang.RuntimeException: Failed to download ELF file


    AP transaction error (DP CTRL_STAT=0xf0000021)
    Error Address = 0x00100000, Size = 0x00000004


	at com.xilinx.sdk.targetmanager.internal.TM.downloadELF(TM.java:686)
	at com.xilinx.sdk.debug.core.internal.AppRunner.run(AppRunner.java:129)
	at com.xilinx.sdk.debug.core.XilinxAppLaunchConfigurationDelegate.runApplication(XilinxAppLaunchConfigurationDelegate.java:637)
	at com.xilinx.sdk.debug.core.XilinxAppLaunchConfigurationDelegate.launch(XilinxAppLaunchConfigurationDelegate.java:309)
	at com.xilinx.sdk.debug.ui.XilinxAppLaunchDelegateWrapper.launch(XilinxAppLaunchDelegateWrapper.java:31)
	at org.eclipse.debug.internal.core.LaunchConfiguration.launch(LaunchConfiguration.java:858)
	at org.eclipse.debug.internal.core.LaunchConfiguration.launch(LaunchConfiguration.java:707)
	at org.eclipse.debug.internal.ui.DebugUIPlugin.buildAndLaunch(DebugUIPlugin.java:1018)
	at org.eclipse.debug.internal.ui.DebugUIPlugin$8.run(DebugUIPlugin.java:1222)
	at org.eclipse.core.internal.jobs.Worker.run(Worker.java:53)
15:19:20 ERROR : Unexpected error while parsing XMD response ?: com.google.gson.JsonSyntaxException: com.google.gson.stream.MalformedJsonException: invalid number or unquoted string near 
15:19:32 INFO  : Launching XSDB server: xsdb.bat C:/Travail/Xilinx/SDK/2015.4/scripts/xsdb/xsdb/xsdb-server.tcl
15:19:34 INFO  : XSDB server has started successfully.
15:19:34 INFO  : Processing command line option -hwspec C:/Travail/Objets/GitHub/Silver/Software/PWM/PWM.sdk/test_pwm_wrapper.hdf.
15:19:35 INFO  : Checking for hwspec changes in the project test_pwm_wrapper_hw_platform_0.
15:19:51 INFO  : Connected to target on host '127.0.0.1' and port '3121'.
15:20:00 INFO  : 'targets -set -filter {jtag_cable_name =~ "Digilent Zybo 210279771968A" && level==0} -index 1' command is executed.
15:20:02 INFO  : FPGA configured successfully with bitstream "C:/Travail/Objets/GitHub/Silver/Software/PWM/PWM.sdk/test_pwm_wrapper_hw_platform_0/test_pwm_wrapper.bit"
15:20:15 INFO  : ps7_init is completed.
15:20:15 INFO  : ps7_post_config is completed.
15:20:16 INFO  : Processor reset is completed for ps7_cortexa9_0
15:20:35 INFO  : Connected to target on host '127.0.0.1' and port '3121'.
15:20:43 INFO  : 'targets -set -filter {jtag_cable_name =~ "Digilent Zybo 210279771968A" && level==0} -index 1' command is executed.
15:20:51 INFO  : FPGA configured successfully with bitstream "C:/Travail/Objets/GitHub/Silver/Software/PWM/PWM.sdk/test_pwm_wrapper_hw_platform_0/test_pwm_wrapper.bit"
15:20:58 INFO  : ps7_init is completed.
15:20:58 INFO  : ps7_post_config is completed.
15:20:59 INFO  : Processor reset is completed for ps7_cortexa9_0
15:21:29 INFO  : Connected to target on host '127.0.0.1' and port '3121'.
15:21:31 INFO  : 'targets -set -filter {jtag_cable_name =~ "Digilent Zybo 210279771968A" && level==0} -index 1' command is executed.
15:21:39 INFO  : FPGA configured successfully with bitstream "C:/Travail/Objets/GitHub/Silver/Software/PWM/PWM.sdk/test_pwm_wrapper_hw_platform_0/test_pwm_wrapper.bit"
15:21:46 INFO  : ps7_init is completed.
15:21:46 INFO  : ps7_post_config is completed.
15:21:46 INFO  : Processor reset is completed for ps7_cortexa9_0
18:36:39 ERROR : Unexpected error while parsing XMD response ?: com.google.gson.JsonSyntaxException: com.google.gson.stream.MalformedJsonException: invalid number or unquoted string near 
