
*** Running vivado
    with args -log servo_v1_0.vds -m64 -mode batch -messageDb vivado.pb -notrace -source servo_v1_0.tcl


****** Vivado v2015.4 (64-bit)
  **** SW Build 1412921 on Wed Nov 18 09:43:45 MST 2015
  **** IP Build 1412160 on Tue Nov 17 13:47:24 MST 2015
    ** Copyright 1986-2015 Xilinx, Inc. All Rights Reserved.

source servo_v1_0.tcl -notrace
Command: synth_design -top servo_v1_0 -part xc7z010clg400-1
Starting synth_design
Attempting to get a license for feature 'Synthesis' and/or device 'xc7z010'
INFO: [Common 17-349] Got license for feature 'Synthesis' and/or device 'xc7z010'
---------------------------------------------------------------------------------
Starting Synthesize : Time (s): cpu = 00:00:06 ; elapsed = 00:00:07 . Memory (MB): peak = 299.750 ; gain = 127.965
---------------------------------------------------------------------------------
INFO: [Synth 8-638] synthesizing module 'servo_v1_0' [c:/travail/objets/github/silver/software/ip_repo/servo_1.0/hdl/servo_v1_0.vhd:50]
	Parameter DIVISION bound to: 556 - type: integer 
	Parameter PWM_COUNTER_MAX bound to: 3600 - type: integer 
	Parameter C_S00_AXI_DATA_WIDTH bound to: 32 - type: integer 
	Parameter C_S00_AXI_ADDR_WIDTH bound to: 4 - type: integer 
	Parameter DIVISION bound to: 556 - type: integer 
	Parameter PWM_COUNTER_MAX bound to: 3600 - type: integer 
	Parameter C_S_AXI_DATA_WIDTH bound to: 32 - type: integer 
	Parameter C_S_AXI_ADDR_WIDTH bound to: 4 - type: integer 
INFO: [Synth 8-3491] module 'servo_v1_0_S00_AXI' declared at 'c:/travail/objets/github/silver/software/ip_repo/servo_1.0/hdl/servo_v1_0_S00_AXI.vhd:5' bound to instance 'servo_v1_0_S00_AXI_inst' of component 'servo_v1_0_S00_AXI' [c:/travail/objets/github/silver/software/ip_repo/servo_1.0/hdl/servo_v1_0.vhd:89]
INFO: [Synth 8-638] synthesizing module 'servo_v1_0_S00_AXI' [c:/travail/objets/github/silver/software/ip_repo/servo_1.0/hdl/servo_v1_0_S00_AXI.vhd:87]
	Parameter DIVISION bound to: 556 - type: integer 
	Parameter PWM_COUNTER_MAX bound to: 3600 - type: integer 
	Parameter C_S_AXI_DATA_WIDTH bound to: 32 - type: integer 
	Parameter C_S_AXI_ADDR_WIDTH bound to: 4 - type: integer 
INFO: [Synth 8-226] default block is never used [c:/travail/objets/github/silver/software/ip_repo/servo_1.0/hdl/servo_v1_0_S00_AXI.vhd:223]
INFO: [Synth 8-226] default block is never used [c:/travail/objets/github/silver/software/ip_repo/servo_1.0/hdl/servo_v1_0_S00_AXI.vhd:353]
INFO: [Synth 8-256] done synthesizing module 'servo_v1_0_S00_AXI' (1#1) [c:/travail/objets/github/silver/software/ip_repo/servo_1.0/hdl/servo_v1_0_S00_AXI.vhd:87]
INFO: [Synth 8-256] done synthesizing module 'servo_v1_0' (2#1) [c:/travail/objets/github/silver/software/ip_repo/servo_1.0/hdl/servo_v1_0.vhd:50]
---------------------------------------------------------------------------------
Finished Synthesize : Time (s): cpu = 00:00:07 ; elapsed = 00:00:08 . Memory (MB): peak = 334.805 ; gain = 163.020
---------------------------------------------------------------------------------
---------------------------------------------------------------------------------
Finished Constraint Validation : Time (s): cpu = 00:00:07 ; elapsed = 00:00:08 . Memory (MB): peak = 334.805 ; gain = 163.020
---------------------------------------------------------------------------------
---------------------------------------------------------------------------------
Start Loading Part and Timing Information
---------------------------------------------------------------------------------
Loading part: xc7z010clg400-1
---------------------------------------------------------------------------------
Finished Loading Part and Timing Information : Time (s): cpu = 00:00:07 ; elapsed = 00:00:08 . Memory (MB): peak = 334.805 ; gain = 163.020
---------------------------------------------------------------------------------
INFO: [Device 21-403] Loading part xc7z010clg400-1
INFO: [Synth 8-41] '_-' operator could not be merged with '+' operator due to loss of accuracy [c:/travail/objets/github/silver/software/ip_repo/servo_1.0/hdl/servo_v1_0_S00_AXI.vhd:414]
INFO: [Synth 8-41] '_-' operator could not be merged with '+' operator due to loss of accuracy [c:/travail/objets/github/silver/software/ip_repo/servo_1.0/hdl/servo_v1_0_S00_AXI.vhd:414]
INFO: [Synth 8-41] '_-' operator could not be merged with '+' operator due to loss of accuracy [c:/travail/objets/github/silver/software/ip_repo/servo_1.0/hdl/servo_v1_0_S00_AXI.vhd:414]
INFO: [Synth 8-5546] ROM "enable" won't be mapped to RAM because it is too sparse
---------------------------------------------------------------------------------
Finished RTL Optimization Phase 2 : Time (s): cpu = 00:00:07 ; elapsed = 00:00:08 . Memory (MB): peak = 351.426 ; gain = 179.641
---------------------------------------------------------------------------------

Report RTL Partitions: 
+-+--------------+------------+----------+
| |RTL Partition |Replication |Instances |
+-+--------------+------------+----------+
+-+--------------+------------+----------+
No constraint files found.
---------------------------------------------------------------------------------
Start RTL Component Statistics 
---------------------------------------------------------------------------------
Detailed RTL Component Info : 
+---Adders : 
	   3 Input     32 Bit       Adders := 1     
	   2 Input     31 Bit       Adders := 1     
	   2 Input     10 Bit       Adders := 1     
+---Registers : 
	               32 Bit    Registers := 5     
	               10 Bit    Registers := 1     
	                4 Bit    Registers := 2     
	                2 Bit    Registers := 2     
	                1 Bit    Registers := 5     
+---Muxes : 
	   2 Input     32 Bit        Muxes := 4     
	   4 Input     32 Bit        Muxes := 5     
	   2 Input     10 Bit        Muxes := 1     
	   2 Input      1 Bit        Muxes := 5     
---------------------------------------------------------------------------------
Finished RTL Component Statistics 
---------------------------------------------------------------------------------
---------------------------------------------------------------------------------
Start RTL Hierarchical Component Statistics 
---------------------------------------------------------------------------------
Hierarchical RTL Component report 
Module servo_v1_0_S00_AXI 
Detailed RTL Component Info : 
+---Adders : 
	   3 Input     32 Bit       Adders := 1     
	   2 Input     31 Bit       Adders := 1     
	   2 Input     10 Bit       Adders := 1     
+---Registers : 
	               32 Bit    Registers := 5     
	               10 Bit    Registers := 1     
	                4 Bit    Registers := 2     
	                2 Bit    Registers := 2     
	                1 Bit    Registers := 5     
+---Muxes : 
	   2 Input     32 Bit        Muxes := 4     
	   4 Input     32 Bit        Muxes := 5     
	   2 Input     10 Bit        Muxes := 1     
	   2 Input      1 Bit        Muxes := 5     
---------------------------------------------------------------------------------
Finished RTL Hierarchical Component Statistics
---------------------------------------------------------------------------------
---------------------------------------------------------------------------------
Start Part Resource Summary
---------------------------------------------------------------------------------
Part Resources:
DSPs: 80 (col length:40)
BRAMs: 120 (col length: RAMB18 40 RAMB36 20)
---------------------------------------------------------------------------------
Finished Part Resource Summary
---------------------------------------------------------------------------------
Start Parallel Synthesis Optimization  : Time (s): cpu = 00:00:11 ; elapsed = 00:00:12 . Memory (MB): peak = 463.508 ; gain = 291.723
---------------------------------------------------------------------------------
Start Cross Boundary Optimization
---------------------------------------------------------------------------------
INFO: [Synth 8-5546] ROM "servo_v1_0_S00_AXI_inst/enable" won't be mapped to RAM because it is too sparse
WARNING: [Synth 8-3331] design servo_v1_0 has unconnected port s00_axi_awprot[2]
WARNING: [Synth 8-3331] design servo_v1_0 has unconnected port s00_axi_awprot[1]
WARNING: [Synth 8-3331] design servo_v1_0 has unconnected port s00_axi_awprot[0]
WARNING: [Synth 8-3331] design servo_v1_0 has unconnected port s00_axi_arprot[2]
WARNING: [Synth 8-3331] design servo_v1_0 has unconnected port s00_axi_arprot[1]
WARNING: [Synth 8-3331] design servo_v1_0 has unconnected port s00_axi_arprot[0]
---------------------------------------------------------------------------------
Finished Cross Boundary Optimization : Time (s): cpu = 00:00:11 ; elapsed = 00:00:12 . Memory (MB): peak = 464.781 ; gain = 292.996
---------------------------------------------------------------------------------
Finished Parallel Reinference  : Time (s): cpu = 00:00:11 ; elapsed = 00:00:12 . Memory (MB): peak = 464.781 ; gain = 292.996

Report RTL Partitions: 
+-+--------------+------------+----------+
| |RTL Partition |Replication |Instances |
+-+--------------+------------+----------+
+-+--------------+------------+----------+
No constraint files found.
---------------------------------------------------------------------------------
Start Area Optimization
---------------------------------------------------------------------------------
INFO: [Synth 8-3886] merging instance '\servo_v1_0_S00_AXI_inst/axi_rresp_reg[0] ' (FDRE) to '\servo_v1_0_S00_AXI_inst/axi_rresp_reg[1] '
INFO: [Synth 8-3333] propagating constant 0 across sequential element (\servo_v1_0_S00_AXI_inst/axi_rresp_reg[1] )
INFO: [Synth 8-3886] merging instance '\servo_v1_0_S00_AXI_inst/axi_bresp_reg[0] ' (FDRE) to '\servo_v1_0_S00_AXI_inst/axi_bresp_reg[1] '
INFO: [Synth 8-3333] propagating constant 0 across sequential element (\servo_v1_0_S00_AXI_inst/axi_bresp_reg[1] )
WARNING: [Synth 8-3332] Sequential element (\servo_v1_0_S00_AXI_inst/axi_awaddr_reg[1] ) is unused and will be removed from module servo_v1_0.
WARNING: [Synth 8-3332] Sequential element (\servo_v1_0_S00_AXI_inst/axi_awaddr_reg[0] ) is unused and will be removed from module servo_v1_0.
WARNING: [Synth 8-3332] Sequential element (\servo_v1_0_S00_AXI_inst/axi_bresp_reg[1] ) is unused and will be removed from module servo_v1_0.
WARNING: [Synth 8-3332] Sequential element (\servo_v1_0_S00_AXI_inst/axi_bresp_reg[0] ) is unused and will be removed from module servo_v1_0.
WARNING: [Synth 8-3332] Sequential element (\servo_v1_0_S00_AXI_inst/axi_araddr_reg[1] ) is unused and will be removed from module servo_v1_0.
WARNING: [Synth 8-3332] Sequential element (\servo_v1_0_S00_AXI_inst/axi_araddr_reg[0] ) is unused and will be removed from module servo_v1_0.
WARNING: [Synth 8-3332] Sequential element (\servo_v1_0_S00_AXI_inst/axi_rresp_reg[1] ) is unused and will be removed from module servo_v1_0.
WARNING: [Synth 8-3332] Sequential element (\servo_v1_0_S00_AXI_inst/axi_rresp_reg[0] ) is unused and will be removed from module servo_v1_0.
---------------------------------------------------------------------------------
Finished Area Optimization : Time (s): cpu = 00:00:11 ; elapsed = 00:00:13 . Memory (MB): peak = 484.797 ; gain = 313.012
---------------------------------------------------------------------------------
Finished Parallel Area Optimization  : Time (s): cpu = 00:00:11 ; elapsed = 00:00:13 . Memory (MB): peak = 484.797 ; gain = 313.012

Report RTL Partitions: 
+-+--------------+------------+----------+
| |RTL Partition |Replication |Instances |
+-+--------------+------------+----------+
+-+--------------+------------+----------+
---------------------------------------------------------------------------------
Start Timing Optimization
---------------------------------------------------------------------------------
No constraint files found.
---------------------------------------------------------------------------------
Finished Timing Optimization : Time (s): cpu = 00:00:11 ; elapsed = 00:00:13 . Memory (MB): peak = 484.797 ; gain = 313.012
---------------------------------------------------------------------------------

Report RTL Partitions: 
+-+--------------+------------+----------+
| |RTL Partition |Replication |Instances |
+-+--------------+------------+----------+
+-+--------------+------------+----------+
---------------------------------------------------------------------------------
Start Technology Mapping
---------------------------------------------------------------------------------
---------------------------------------------------------------------------------
Finished Technology Mapping : Time (s): cpu = 00:00:11 ; elapsed = 00:00:13 . Memory (MB): peak = 485.703 ; gain = 313.918
---------------------------------------------------------------------------------
Finished Parallel Technology Mapping Optimization  : Time (s): cpu = 00:00:11 ; elapsed = 00:00:13 . Memory (MB): peak = 485.703 ; gain = 313.918

Report RTL Partitions: 
+-+--------------+------------+----------+
| |RTL Partition |Replication |Instances |
+-+--------------+------------+----------+
+-+--------------+------------+----------+
Finished Parallel Synthesis Optimization  : Time (s): cpu = 00:00:11 ; elapsed = 00:00:13 . Memory (MB): peak = 485.703 ; gain = 313.918
---------------------------------------------------------------------------------
Start IO Insertion
---------------------------------------------------------------------------------
---------------------------------------------------------------------------------
Start Flattening Before IO Insertion
---------------------------------------------------------------------------------
---------------------------------------------------------------------------------
Finished Flattening Before IO Insertion
---------------------------------------------------------------------------------
---------------------------------------------------------------------------------
Start Final Netlist Cleanup
---------------------------------------------------------------------------------
---------------------------------------------------------------------------------
Finished Final Netlist Cleanup
---------------------------------------------------------------------------------
---------------------------------------------------------------------------------
Finished IO Insertion : Time (s): cpu = 00:00:12 ; elapsed = 00:00:13 . Memory (MB): peak = 485.703 ; gain = 313.918
---------------------------------------------------------------------------------

Report Check Netlist: 
+------+------------------+-------+---------+-------+------------------+
|      |Item              |Errors |Warnings |Status |Description       |
+------+------------------+-------+---------+-------+------------------+
|1     |multi_driven_nets |      0|        0|Passed |Multi driven nets |
+------+------------------+-------+---------+-------+------------------+
---------------------------------------------------------------------------------
Start Renaming Generated Instances
---------------------------------------------------------------------------------
---------------------------------------------------------------------------------
Finished Renaming Generated Instances : Time (s): cpu = 00:00:12 ; elapsed = 00:00:13 . Memory (MB): peak = 485.703 ; gain = 313.918
---------------------------------------------------------------------------------

Report RTL Partitions: 
+-+--------------+------------+----------+
| |RTL Partition |Replication |Instances |
+-+--------------+------------+----------+
+-+--------------+------------+----------+
---------------------------------------------------------------------------------
Start Rebuilding User Hierarchy
---------------------------------------------------------------------------------
---------------------------------------------------------------------------------
Finished Rebuilding User Hierarchy : Time (s): cpu = 00:00:12 ; elapsed = 00:00:13 . Memory (MB): peak = 485.703 ; gain = 313.918
---------------------------------------------------------------------------------
---------------------------------------------------------------------------------
Start Renaming Generated Ports
---------------------------------------------------------------------------------
---------------------------------------------------------------------------------
Finished Renaming Generated Ports : Time (s): cpu = 00:00:12 ; elapsed = 00:00:13 . Memory (MB): peak = 485.703 ; gain = 313.918
---------------------------------------------------------------------------------
---------------------------------------------------------------------------------
Start Handling Custom Attributes
---------------------------------------------------------------------------------
---------------------------------------------------------------------------------
Finished Handling Custom Attributes : Time (s): cpu = 00:00:12 ; elapsed = 00:00:13 . Memory (MB): peak = 485.703 ; gain = 313.918
---------------------------------------------------------------------------------
---------------------------------------------------------------------------------
Start Renaming Generated Nets
---------------------------------------------------------------------------------
---------------------------------------------------------------------------------
Finished Renaming Generated Nets : Time (s): cpu = 00:00:12 ; elapsed = 00:00:13 . Memory (MB): peak = 485.703 ; gain = 313.918
---------------------------------------------------------------------------------
---------------------------------------------------------------------------------
Start Writing Synthesis Report
---------------------------------------------------------------------------------

Report BlackBoxes: 
+-+--------------+----------+
| |BlackBox name |Instances |
+-+--------------+----------+
+-+--------------+----------+

Report Cell Usage: 
+------+-------+------+
|      |Cell   |Count |
+------+-------+------+
|1     |BUFG   |     1|
|2     |CARRY4 |    19|
|3     |LUT1   |    63|
|4     |LUT2   |    14|
|5     |LUT3   |     6|
|6     |LUT4   |    23|
|7     |LUT5   |     7|
|8     |LUT6   |    38|
|9     |FDRE   |   189|
|10    |FDSE   |     2|
|11    |IBUF   |    47|
|12    |OBUF   |    42|
+------+-------+------+

Report Instance Areas: 
+------+--------------------------+-------------------+------+
|      |Instance                  |Module             |Cells |
+------+--------------------------+-------------------+------+
|1     |top                       |                   |   451|
|2     |  servo_v1_0_S00_AXI_inst |servo_v1_0_S00_AXI |   361|
+------+--------------------------+-------------------+------+
---------------------------------------------------------------------------------
Finished Writing Synthesis Report : Time (s): cpu = 00:00:12 ; elapsed = 00:00:13 . Memory (MB): peak = 485.703 ; gain = 313.918
---------------------------------------------------------------------------------
Synthesis finished with 0 errors, 0 critical warnings and 14 warnings.
Synthesis Optimization Runtime : Time (s): cpu = 00:00:09 ; elapsed = 00:00:09 . Memory (MB): peak = 485.703 ; gain = 226.195
Synthesis Optimization Complete : Time (s): cpu = 00:00:12 ; elapsed = 00:00:13 . Memory (MB): peak = 485.703 ; gain = 313.918
INFO: [Project 1-571] Translating synthesized netlist
INFO: [Netlist 29-17] Analyzing 66 Unisim elements for replacement
INFO: [Netlist 29-28] Unisim Transformation completed in 0 CPU seconds
INFO: [Project 1-570] Preparing netlist for logic optimization
INFO: [Opt 31-138] Pushed 0 inverter(s) to 0 load pin(s).
INFO: [Project 1-111] Unisim Transformation Summary:
No Unisim elements were transformed.

INFO: [Common 17-83] Releasing license: Synthesis
25 Infos, 14 Warnings, 0 Critical Warnings and 0 Errors encountered.
synth_design completed successfully
synth_design: Time (s): cpu = 00:00:10 ; elapsed = 00:00:11 . Memory (MB): peak = 545.621 ; gain = 333.230
report_utilization: Time (s): cpu = 00:00:00 ; elapsed = 00:00:00.033 . Memory (MB): peak = 545.621 ; gain = 0.000
INFO: [Common 17-206] Exiting Vivado at Sun Oct 02 22:18:49 2016...
